<?xml version="1.0" encoding="UTF-8"?>
<!-- Generated by org.testng.reporters.JUnitReportReporter -->
<testsuite hostname="LAPTOP-OOJD2GM0" failures="0" tests="1" name="testFiles.FlipkartLogin" time="63.287" errors="0" timestamp="2022-10-06T15:55:30 IST" skipped="0">
  <testcase classname="testFiles.FlipkartLogin" name="login" time="63.287"/>
  <system-out/>
</testsuite> <!-- testFiles.FlipkartLogin -->
