<?xml version="1.0" encoding="UTF-8"?>
<!-- Generated by org.testng.reporters.JUnitReportReporter -->
<testsuite hostname="LAPTOP-OOJD2GM0" failures="0" tests="1" name="testFiles.FlipkartSearch" time="72.529" errors="0" timestamp="2022-10-08T16:26:30 IST" skipped="0">
  <testcase classname="testFiles.FlipkartSearch" name="login" time="72.529"/>
  <system-out/>
</testsuite> <!-- testFiles.FlipkartSearch -->
